2018-11-01 20:24:05,726-main--INFO -root      :-----------------------------------------------
2018-11-01 20:24:05,726-main--INFO -root      :Position of key element with linear search:  -1
2018-11-01 20:24:05,726-main--INFO -root      :-----------------------------------------------
2018-11-01 20:24:05,726-main--INFO -root      :Position of key element with binary search:  0
2018-11-01 20:24:05,726-main--INFO -root      :-----------------------------------------------
2018-11-01 20:24:05,726-main--INFO -root      :Reverse elements of array:
2018-11-01 20:24:05,726-main--INFO -root      :Element of array: [0]148.9878651970593
2018-11-01 20:24:05,726-main--INFO -root      :Element of array: [1]113.81324500996271
2018-11-01 20:24:05,726-main--INFO -root      :Element of array: [2]98.98187963466242
2018-11-01 20:24:05,726-main--INFO -root      :Element of array: [3]31.776362846864913
2018-11-01 20:24:05,726-main--INFO -root      :Element of array: [4]-66.5674751142781
2018-11-01 20:24:05,726-main--INFO -root      :Element of array: [5]-106.60070042546461
2018-11-01 20:24:05,726-main--INFO -root      :Element of array: [0]148.9878651970593
2018-11-01 20:24:05,726-main--INFO -root      :Element of array: [1]113.81324500996271
2018-11-01 20:24:05,726-main--INFO -root      :Element of array: [2]98.98187963466242
2018-11-01 20:24:05,742-main--INFO -root      :Element of array: [3]31.776362846864913
2018-11-01 20:24:05,742-main--INFO -root      :Element of array: [4]-66.5674751142781
2018-11-01 20:24:05,742-main--INFO -root      :Element of array: [5]-106.60070042546461
2018-11-01 20:24:05,753-main--INFO -root      :Element of array: [0]12.130902138
2018-11-01 20:24:05,753-main--INFO -root      :Element of array: [1]14.162135761
2018-11-01 20:24:05,753-main--INFO -root      :Element of array: [2]5.18265788
2018-11-01 20:24:05,753-main--INFO -root      :Element of array: [3]23.182124656
2018-11-01 20:24:05,753-main--INFO -root      :Element of array: [4]11.134376024
2018-11-01 20:24:05,753-main--INFO -root      :Element of array: [5]8.189654055
2018-11-01 20:24:05,753-main--INFO -root      :Element of array: [6]7.147444014
2018-11-01 20:24:05,753-main--INFO -root      :Element of array: [7]77.167241412
2018-11-01 20:24:05,753-main--INFO -root      :Element of array: [8]1.186716493
2018-11-01 20:24:05,753-main--INFO -root      :Element of array: [9]1.193655654
2018-11-01 20:24:05,754-main--INFO -root      :-----------------------------------------------
2018-11-01 20:24:05,754-main--INFO -root      :Max element from Array: 77.167241412
2018-11-01 20:24:05,754-main--INFO -root      :-----------------------------------------------
2018-11-01 20:24:05,754-main--INFO -root      :Min element from Array: 1.186716493
2018-11-01 20:24:05,754-main--INFO -root      :-----------------------------------------------
2018-11-01 20:24:05,754-main--INFO -root      :Average Arithmetic of Array: 16.0676908087
2018-11-01 20:24:05,754-main--INFO -root      :-----------------------------------------------
2018-11-01 20:24:05,754-main--INFO -root      :Average Geometric of Array: 8.255566586708754
2018-11-01 20:24:05,754-main--INFO -root      :-----------------------------------------------
2018-11-01 20:24:05,754-main--INFO -root      :Elements in desc order:  false
2018-11-01 20:24:05,754-main--INFO -root      :-----------------------------------------------
2018-11-01 20:24:05,754-main--INFO -root      :Elements in asc order:  false
2018-11-01 20:24:05,755-main--INFO -root      :-----------------------------------------------
2018-11-01 20:24:05,755-main--INFO -root      :First local min position in Array:  0
2018-11-01 20:24:05,755-main--INFO -root      :-----------------------------------------------
2018-11-01 20:24:05,755-main--INFO -root      :First local max position in Array:  1
2018-11-01 20:24:13,319-main--INFO -root      :-----------------------------------------------
2018-11-01 20:24:13,319-main--INFO -root      :Position of key element with linear search:  6
2018-11-01 20:24:13,319-main--INFO -root      :-----------------------------------------------
2018-11-01 20:24:13,319-main--INFO -root      :Position of key element with binary search:  3
2018-11-01 20:24:13,319-main--INFO -root      :-----------------------------------------------
2018-11-01 20:24:13,319-main--INFO -root      :Reverse elements of array:
2018-11-01 20:24:13,319-main--INFO -root      :Element of array: [0]77.167241412
2018-11-01 20:24:13,319-main--INFO -root      :Element of array: [1]23.182124656
2018-11-01 20:24:13,319-main--INFO -root      :Element of array: [2]14.162135761
2018-11-01 20:24:13,319-main--INFO -root      :Element of array: [3]12.130902138
2018-11-01 20:24:13,319-main--INFO -root      :Element of array: [4]11.134376024
2018-11-01 20:24:13,319-main--INFO -root      :Element of array: [5]8.189654055
2018-11-01 20:24:13,319-main--INFO -root      :Element of array: [6]7.147444014000001
2018-11-01 20:24:13,319-main--INFO -root      :Element of array: [7]5.182657879999999
2018-11-01 20:24:13,319-main--INFO -root      :Element of array: [8]1.1936556540000005
2018-11-01 20:24:13,319-main--INFO -root      :Element of array: [9]1.1867164930000058
2018-11-01 20:24:13,319-main--INFO -root      :Element of array: [0]1.1867164930000058
2018-11-01 20:24:13,319-main--INFO -root      :Element of array: [1]1.1936556540000005
2018-11-01 20:24:13,319-main--INFO -root      :Element of array: [2]5.182657879999999
2018-11-01 20:24:13,319-main--INFO -root      :Element of array: [3]7.147444014000001
2018-11-01 20:24:13,319-main--INFO -root      :Element of array: [4]8.189654055
2018-11-01 20:24:13,319-main--INFO -root      :Element of array: [5]11.134376024
2018-11-01 20:24:13,319-main--INFO -root      :Element of array: [6]12.130902138
2018-11-01 20:24:13,319-main--INFO -root      :Element of array: [7]14.162135761
2018-11-01 20:24:13,319-main--INFO -root      :Element of array: [8]23.182124656
2018-11-01 20:24:13,319-main--INFO -root      :Element of array: [9]77.167241412
2018-11-01 20:24:13,319-main--INFO -root      :Element of array: [0]17.163809204
2018-11-01 20:24:13,319-main--INFO -root      :Element of array: [1]-12.198308766
2018-11-01 20:24:13,319-main--INFO -root      :Element of array: [2]13.105602921
2018-11-01 20:24:13,319-main--INFO -root      :Element of array: [3]2.19164325
2018-11-01 20:24:13,319-main--INFO -root      :Element of array: [4]-14.120997395
2018-11-01 20:24:13,319-main--INFO -root      :Element of array: [5]22.118116131
2018-11-01 20:24:13,319-main--INFO -root      :-----------------------------------------------
2018-11-01 20:24:13,319-main--INFO -root      :Max element from Array: 22.118116131
2018-11-01 20:24:13,319-main--INFO -root      :-----------------------------------------------
2018-11-01 20:24:13,319-main--INFO -root      :Min element from Array: -14.120997395
2018-11-01 20:24:13,319-main--INFO -root      :-----------------------------------------------
2018-11-01 20:24:13,319-main--INFO -root      :Average Arithmetic of Array: 4.709977557499999
2018-11-01 20:24:13,319-main--INFO -root      :-----------------------------------------------
2018-11-01 20:24:13,319-main--INFO -root      :Average Geometric of Array: 11.107737617501861
2018-11-01 20:24:13,319-main--INFO -root      :-----------------------------------------------
2018-11-01 20:24:13,319-main--INFO -root      :Elements in desc order:  false
2018-11-01 20:24:13,319-main--INFO -root      :-----------------------------------------------
2018-11-01 20:24:13,319-main--INFO -root      :Elements in asc order:  false
2018-11-01 20:24:13,319-main--INFO -root      :-----------------------------------------------
2018-11-01 20:24:13,319-main--INFO -root      :First local min position in Array:  1
2018-11-01 20:24:13,319-main--INFO -root      :-----------------------------------------------
2018-11-01 20:24:13,319-main--INFO -root      :First local max position in Array:  0
2018-11-01 20:24:19,313-main--INFO -root      :-----------------------------------------------
2018-11-01 20:24:19,313-main--INFO -root      :Position of key element with linear search:  3
2018-11-01 20:24:19,313-main--INFO -root      :-----------------------------------------------
2018-11-01 20:24:19,313-main--INFO -root      :Position of key element with binary search:  0
2018-11-01 20:24:19,313-main--INFO -root      :-----------------------------------------------
2018-11-01 20:24:19,313-main--INFO -root      :Reverse elements of array:
2018-11-01 20:24:19,313-main--INFO -root      :Element of array: [0]22.118116131
2018-11-01 20:24:19,313-main--INFO -root      :Element of array: [1]17.163809204
2018-11-01 20:24:19,313-main--INFO -root      :Element of array: [2]13.105602921
2018-11-01 20:24:19,313-main--INFO -root      :Element of array: [3]2.1916432500000003
2018-11-01 20:24:19,313-main--INFO -root      :Element of array: [4]-12.198308766
2018-11-01 20:24:19,313-main--INFO -root      :Element of array: [5]-14.120997395
2018-11-01 20:24:19,313-main--INFO -root      :Element of array: [0]-14.120997395
2018-11-01 20:24:19,313-main--INFO -root      :Element of array: [1]-12.198308766
2018-11-01 20:24:19,313-main--INFO -root      :Element of array: [2]2.1916432500000003
2018-11-01 20:24:19,313-main--INFO -root      :Element of array: [3]13.105602921
2018-11-01 20:24:19,313-main--INFO -root      :Element of array: [4]17.163809204
2018-11-01 20:24:19,313-main--INFO -root      :Element of array: [5]22.118116131
2018-11-01 20:24:19,313-main--INFO -root      :Element of array: [0]-139.98381254373106
2018-11-01 20:24:19,313-main--INFO -root      :Element of array: [1]-104.6205195743575
2018-11-01 20:24:19,313-main--INFO -root      :Element of array: [2]-49.0921389195465
2018-11-01 20:24:19,313-main--INFO -root      :Element of array: [3]143.19322593454643
2018-11-01 20:24:19,313-main--INFO -root      :-----------------------------------------------
2018-11-01 20:24:19,313-main--INFO -root      :Max element from Array: 143.19322593454643
2018-11-01 20:24:19,313-main--INFO -root      :-----------------------------------------------
2018-11-01 20:24:19,313-main--INFO -root      :Min element from Array: -139.98381254373106
2018-11-01 20:24:19,313-main--INFO -root      :-----------------------------------------------
2018-11-01 20:24:19,313-main--INFO -root      :Average Arithmetic of Array: -37.625811275772165
2018-11-01 20:24:19,313-main--INFO -root      :-----------------------------------------------
2018-11-01 20:24:19,313-main--INFO -root      :Average Geometric of Array: NaN
2018-11-01 20:24:19,313-main--INFO -root      :-----------------------------------------------
2018-11-01 20:24:19,313-main--INFO -root      :Elements in desc order:  false
2018-11-01 20:24:19,313-main--INFO -root      :-----------------------------------------------
2018-11-01 20:24:19,313-main--INFO -root      :Elements in asc order:  true
2018-11-01 20:24:19,313-main--INFO -root      :-----------------------------------------------
2018-11-01 20:24:19,313-main--INFO -root      :First local min position in Array:  0
2018-11-01 20:24:19,313-main--INFO -root      :-----------------------------------------------
2018-11-01 20:24:19,313-main--INFO -root      :First local max position in Array:  -1
2018-11-01 20:24:24,735-main--INFO -root      :-----------------------------------------------
2018-11-01 20:24:24,735-main--INFO -root      :Position of key element with linear search:  3
2018-11-01 20:24:24,735-main--INFO -root      :-----------------------------------------------
2018-11-01 20:24:24,735-main--INFO -root      :Position of key element with binary search:  3
2018-11-01 20:24:24,735-main--INFO -root      :-----------------------------------------------
2018-11-01 20:24:24,735-main--INFO -root      :Reverse elements of array:
2018-11-01 20:24:24,735-main--INFO -root      :Element of array: [0]143.19322593454643
2018-11-01 20:24:24,735-main--INFO -root      :Element of array: [1]-49.0921389195465
2018-11-01 20:24:24,735-main--INFO -root      :Element of array: [2]-104.6205195743575
2018-11-01 20:24:24,735-main--INFO -root      :Element of array: [3]-139.98381254373106
2018-11-01 20:24:24,735-main--INFO -root      :Element of array: [0]143.19322593454643
2018-11-01 20:24:24,735-main--INFO -root      :Element of array: [1]-49.0921389195465
2018-11-01 20:24:24,735-main--INFO -root      :Element of array: [2]-104.6205195743575
2018-11-01 20:24:24,735-main--INFO -root      :Element of array: [3]-139.98381254373106
2018-11-01 20:24:24,735-main--INFO -root      :Element of array: [0]30.065583218076682
2018-11-01 20:24:24,735-main--INFO -root      :Element of array: [1]-109.99826211197609
2018-11-01 20:24:24,735-main--INFO -root      :Element of array: [2]-110.754714468609
2018-11-01 20:24:24,735-main--INFO -root      :Element of array: [3]80.45936409647149
2018-11-01 20:24:24,735-main--INFO -root      :Element of array: [4]22.480303402466546
2018-11-01 20:24:24,735-main--INFO -root      :Element of array: [5]90.39338796978254
2018-11-01 20:24:24,735-main--INFO -root      :-----------------------------------------------
2018-11-01 20:24:24,735-main--INFO -root      :Max element from Array: 90.39338796978254
2018-11-01 20:24:24,735-main--INFO -root      :-----------------------------------------------
2018-11-01 20:24:24,735-main--INFO -root      :Min element from Array: -110.754714468609
2018-11-01 20:24:24,735-main--INFO -root      :-----------------------------------------------
2018-11-01 20:24:24,735-main--INFO -root      :Average Arithmetic of Array: 0.4409436843686952
2018-11-01 20:24:24,735-main--INFO -root      :-----------------------------------------------
2018-11-01 20:24:24,735-main--INFO -root      :Average Geometric of Array: 62.54926120640367
2018-11-01 20:24:24,735-main--INFO -root      :-----------------------------------------------
2018-11-01 20:24:24,735-main--INFO -root      :Elements in desc order:  false
2018-11-01 20:24:24,735-main--INFO -root      :-----------------------------------------------
2018-11-01 20:24:24,735-main--INFO -root      :Elements in asc order:  false
2018-11-01 20:24:24,735-main--INFO -root      :-----------------------------------------------
2018-11-01 20:24:24,735-main--INFO -root      :First local min position in Array:  2
2018-11-01 20:24:24,735-main--INFO -root      :-----------------------------------------------
2018-11-01 20:24:24,735-main--INFO -root      :First local max position in Array:  0
2018-11-01 20:24:29,766-main--INFO -root      :-----------------------------------------------
2018-11-01 20:24:29,766-main--INFO -root      :Position of key element with linear search:  3
2018-11-01 20:24:29,766-main--INFO -root      :-----------------------------------------------
2018-11-01 20:24:29,766-main--INFO -root      :Position of key element with binary search:  0
2018-11-01 20:24:29,766-main--INFO -root      :-----------------------------------------------
2018-11-01 20:24:29,766-main--INFO -root      :Reverse elements of array:
2018-11-01 20:24:29,766-main--INFO -root      :Element of array: [0]90.39338796978254
2018-11-01 20:24:29,766-main--INFO -root      :Element of array: [1]80.45936409647149
2018-11-01 20:24:29,766-main--INFO -root      :Element of array: [2]30.065583218076682
2018-11-01 20:24:29,766-main--INFO -root      :Element of array: [3]22.480303402466546
2018-11-01 20:24:29,766-main--INFO -root      :Element of array: [4]-109.99826211197609
2018-11-01 20:24:29,766-main--INFO -root      :Element of array: [5]-110.754714468609
2018-11-01 20:24:29,766-main--INFO -root      :Element of array: [0]-110.754714468609
2018-11-01 20:24:29,766-main--INFO -root      :Element of array: [1]-109.99826211197609
2018-11-01 20:24:29,766-main--INFO -root      :Element of array: [2]22.480303402466546
2018-11-01 20:24:29,766-main--INFO -root      :Element of array: [3]30.065583218076682
2018-11-01 20:24:29,766-main--INFO -root      :Element of array: [4]80.45936409647149
2018-11-01 20:24:29,766-main--INFO -root      :Element of array: [5]90.39338796978254
2018-11-01 20:24:29,782-main--INFO -root      :Element of array: [0][0]-24.190971237053176
2018-11-01 20:24:29,782-main--INFO -root      :Element of array: [0][1]-115.21246650547496
2018-11-01 20:24:29,782-main--INFO -root      :Element of array: [0][2]-39.25159158779273
2018-11-01 20:24:29,782-main--INFO -root      :Element of array: [0][3]-147.1133650337017
2018-11-01 20:24:29,782-main--INFO -root      :Element of array: [0][4]20.33351501254336
2018-11-01 20:24:29,782-main--INFO -root      :Element of array: [1][0]-63.61979024600328
2018-11-01 20:24:29,782-main--INFO -root      :Element of array: [1][1]69.29554527905688
2018-11-01 20:24:29,782-main--INFO -root      :Element of array: [1][2]-31.900515816033973
2018-11-01 20:24:29,798-main--INFO -root      :Element of array: [1][3]16.519263907478887
2018-11-01 20:24:29,798-main--INFO -root      :Element of array: [1][4]-136.509288059384
2018-11-01 20:24:29,798-main--INFO -root      :Element of array: [2][0]77.2661332680681
2018-11-01 20:24:29,798-main--INFO -root      :Element of array: [2][1]-118.50134472176924
2018-11-01 20:24:29,798-main--INFO -root      :Element of array: [2][2]71.55772957726171
2018-11-01 20:24:29,798-main--INFO -root      :Element of array: [2][3]-69.52549282320834
2018-11-01 20:24:29,798-main--INFO -root      :Element of array: [2][4]65.93099319846408
2018-11-01 20:24:29,798-main--INFO -root      :Element of array: [3][0]138.43997207165404
2018-11-01 20:24:29,798-main--INFO -root      :Element of array: [3][1]127.33847624711365
2018-11-01 20:24:29,798-main--INFO -root      :Element of array: [3][2]-82.35495564084121
2018-11-01 20:24:29,798-main--INFO -root      :Element of array: [3][3]122.96385949947137
2018-11-01 20:24:29,798-main--INFO -root      :Element of array: [3][4]-128.3525290006222
2018-11-01 20:24:29,798-main--INFO -root      :Element of array: [4][0]-56.54995512322543
2018-11-01 20:24:29,798-main--INFO -root      :Element of array: [4][1]-75.12178034975727
2018-11-01 20:24:29,798-main--INFO -root      :Element of array: [4][2]4.473372752894733
2018-11-01 20:24:29,798-main--INFO -root      :Element of array: [4][3]-77.21102730885531
2018-11-01 20:24:29,798-main--INFO -root      :Element of array: [4][4]52.41168260453023
2018-11-01 20:24:29,798-main--INFO -root      :-----------------------------------------------
2018-11-01 20:24:29,798-main--INFO -root      :Max element in matrix:138.43997207165404
2018-11-01 20:24:29,798-main--INFO -root      :-----------------------------------------------
2018-11-01 20:24:29,798-main--INFO -root      :Min element in matrix-147.1133650337017
2018-11-01 20:24:29,798-main--INFO -root      :-----------------------------------------------
2018-11-01 20:24:29,798-main--INFO -root      :Average arithmetic of matrix:-15.95538120140743
2018-11-01 20:24:29,798-main--INFO -root      :-----------------------------------------------
2018-11-01 20:24:29,798-main--INFO -root      :Average geometric of matrix:61.601368210418826
2018-11-01 20:24:29,798-main--INFO -root      :-----------------------------------------------
2018-11-01 20:24:29,798-main--INFO -root      :Find first local max in matrix:
2018-11-01 20:24:29,798-main--INFO -root      :Element of array: [0]0
2018-11-01 20:24:29,798-main--INFO -root      :Element of array: [1]4
2018-11-01 20:24:29,798-main--INFO -root      :-----------------------------------------------
2018-11-01 20:24:29,798-main--INFO -root      :Find first local min in matrix:
2018-11-01 20:24:29,798-main--INFO -root      :Element of array: [0]0
2018-11-01 20:24:29,798-main--INFO -root      :Element of array: [1]1
2018-11-01 20:24:29,798-main--INFO -root      :-----------------------------------------------
2018-11-01 20:24:29,798-main--INFO -root      :Is matrix symmetric on main diagonal:false
2018-11-01 20:24:29,798-main--INFO -root      :-----------------------------------------------
2018-11-01 20:24:29,798-main--INFO -root      :Is matrix symmetric on second diagonal:false
2018-11-01 20:24:29,798-main--INFO -root      :Element of array: [0][0]-24.190971237053176
2018-11-01 20:24:29,798-main--INFO -root      :Element of array: [0][1]-63.61979024600328
2018-11-01 20:24:29,798-main--INFO -root      :Element of array: [0][2]77.2661332680681
2018-11-01 20:24:29,798-main--INFO -root      :Element of array: [0][3]138.43997207165404
2018-11-01 20:24:29,798-main--INFO -root      :Element of array: [0][4]-56.54995512322543
2018-11-01 20:24:29,813-main--INFO -root      :Element of array: [1][0]-115.21246650547496
2018-11-01 20:24:29,813-main--INFO -root      :Element of array: [1][1]69.29554527905688
2018-11-01 20:24:29,813-main--INFO -root      :Element of array: [1][2]-118.50134472176924
2018-11-01 20:24:29,813-main--INFO -root      :Element of array: [1][3]127.33847624711365
2018-11-01 20:24:29,813-main--INFO -root      :Element of array: [1][4]-75.12178034975727
2018-11-01 20:24:29,813-main--INFO -root      :Element of array: [2][0]-39.25159158779273
2018-11-01 20:24:29,813-main--INFO -root      :Element of array: [2][1]-31.90051581603396
2018-11-01 20:24:29,813-main--INFO -root      :Element of array: [2][2]71.55772957726171
2018-11-01 20:24:29,813-main--INFO -root      :Element of array: [2][3]-82.35495564084121
2018-11-01 20:24:29,813-main--INFO -root      :Element of array: [2][4]4.473372752894733
2018-11-01 20:24:29,813-main--INFO -root      :Element of array: [3][0]-147.1133650337017
2018-11-01 20:24:29,813-main--INFO -root      :Element of array: [3][1]16.519263907478887
2018-11-01 20:24:29,813-main--INFO -root      :Element of array: [3][2]-69.52549282320834
2018-11-01 20:24:29,813-main--INFO -root      :Element of array: [3][3]122.96385949947137
2018-11-01 20:24:29,813-main--INFO -root      :Element of array: [3][4]-77.21102730885531
2018-11-01 20:24:29,813-main--INFO -root      :Element of array: [4][0]20.33351501254336
2018-11-01 20:24:29,813-main--INFO -root      :Element of array: [4][1]-136.509288059384
2018-11-01 20:24:29,813-main--INFO -root      :Element of array: [4][2]65.93099319846408
2018-11-01 20:24:29,813-main--INFO -root      :Element of array: [4][3]-128.3525290006222
2018-11-01 20:24:29,813-main--INFO -root      :Element of array: [4][4]52.41168260453023
2018-11-01 20:24:29,813-main--INFO -root      :Element of array: [0][0]1.12016108
2018-11-01 20:24:29,813-main--INFO -root      :Element of array: [0][1]2.14374867
2018-11-01 20:24:29,813-main--INFO -root      :Element of array: [0][2]3.120398053
2018-11-01 20:24:29,813-main--INFO -root      :Element of array: [1][0]2.176888764
2018-11-01 20:24:29,813-main--INFO -root      :Element of array: [1][1]12.158429895
2018-11-01 20:24:29,813-main--INFO -root      :Element of array: [1][2]7.107828305
2018-11-01 20:24:29,813-main--INFO -root      :Element of array: [2][0]3.187221216
2018-11-01 20:24:29,813-main--INFO -root      :Element of array: [2][1]7.117173502
2018-11-01 20:24:29,813-main--INFO -root      :Element of array: [2][2]1.104517237
2018-11-01 20:24:29,813-main--INFO -root      :-----------------------------------------------
2018-11-01 20:24:29,813-main--INFO -root      :Max element in matrix:12.158429895
2018-11-01 20:24:29,813-main--INFO -root      :-----------------------------------------------
2018-11-01 20:24:29,813-main--INFO -root      :Min element in matrix1.104517237
2018-11-01 20:24:29,813-main--INFO -root      :-----------------------------------------------
2018-11-01 20:24:29,813-main--INFO -root      :Average arithmetic of matrix:4.359596302444445
2018-11-01 20:24:29,813-main--INFO -root      :-----------------------------------------------
2018-11-01 20:24:29,813-main--INFO -root      :Average geometric of matrix:3.2013572454048975
2018-11-01 20:24:29,813-main--INFO -root      :-----------------------------------------------
2018-11-01 20:24:29,813-main--INFO -root      :Find first local max in matrix:
2018-11-01 20:24:29,813-main--INFO -root      :Element of array: [0]1
2018-11-01 20:24:29,813-main--INFO -root      :Element of array: [1]1
2018-11-01 20:24:29,813-main--INFO -root      :-----------------------------------------------
2018-11-01 20:24:29,813-main--INFO -root      :Find first local min in matrix:
2018-11-01 20:24:29,813-main--INFO -root      :Element of array: [0]0
2018-11-01 20:24:29,813-main--INFO -root      :Element of array: [1]0
2018-11-01 20:24:29,813-main--INFO -root      :-----------------------------------------------
2018-11-01 20:24:29,813-main--INFO -root      :Is matrix symmetric on main diagonal:false
2018-11-01 20:24:29,813-main--INFO -root      :-----------------------------------------------
2018-11-01 20:24:29,813-main--INFO -root      :Is matrix symmetric on second diagonal:false
2018-11-01 20:24:29,813-main--INFO -root      :Element of array: [0][0]1.12016108
2018-11-01 20:24:29,813-main--INFO -root      :Element of array: [0][1]2.176888764
2018-11-01 20:24:29,813-main--INFO -root      :Element of array: [0][2]3.187221216
2018-11-01 20:24:29,813-main--INFO -root      :Element of array: [1][0]2.14374867
2018-11-01 20:24:29,813-main--INFO -root      :Element of array: [1][1]12.158429895
2018-11-01 20:24:29,813-main--INFO -root      :Element of array: [1][2]7.117173502
2018-11-01 20:24:29,813-main--INFO -root      :Element of array: [2][0]3.1203980529999997
2018-11-01 20:24:29,813-main--INFO -root      :Element of array: [2][1]7.107828305
2018-11-01 20:24:29,813-main--INFO -root      :Element of array: [2][2]1.104517237
2018-11-01 20:24:29,813-main--INFO -root      :Element of array: [0][0]17.32341231
2018-11-01 20:24:29,813-main--INFO -root      :Element of array: [0][1]-12.43223241
2018-11-01 20:24:29,813-main--INFO -root      :Element of array: [0][2]13.12321234
2018-11-01 20:24:29,813-main--INFO -root      :Element of array: [1][0]2.31234556
2018-11-01 20:24:29,813-main--INFO -root      :Element of array: [1][1]-14.56782234
2018-11-01 20:24:29,813-main--INFO -root      :Element of array: [1][2]22.21345567
2018-11-01 20:24:29,813-main--INFO -root      :Element of array: [2][0]5.41231356
2018-11-01 20:24:29,813-main--INFO -root      :Element of array: [2][1]12.56781123
2018-11-01 20:24:29,813-main--INFO -root      :Element of array: [2][2]-2.21342234
2018-11-01 20:24:29,813-main--INFO -root      :-----------------------------------------------
2018-11-01 20:24:29,813-main--INFO -root      :Max element in matrix:22.21345567
2018-11-01 20:24:29,813-main--INFO -root      :-----------------------------------------------
2018-11-01 20:24:29,813-main--INFO -root      :Min element in matrix-14.56782234
2018-11-01 20:24:29,813-main--INFO -root      :-----------------------------------------------
2018-11-01 20:24:29,813-main--INFO -root      :Average arithmetic of matrix:4.859897064444445
2018-11-01 20:24:29,813-main--INFO -root      :-----------------------------------------------
2018-11-01 20:24:29,813-main--INFO -root      :Average geometric of matrix:NaN
2018-11-01 20:24:29,813-main--INFO -root      :-----------------------------------------------
2018-11-01 20:24:29,813-main--INFO -root      :Find first local max in matrix:
2018-11-01 20:24:29,813-main--INFO -root      :Element of array: [0]0
2018-11-01 20:24:29,813-main--INFO -root      :Element of array: [1]0
2018-11-01 20:24:29,813-main--INFO -root      :-----------------------------------------------
2018-11-01 20:24:29,813-main--INFO -root      :Find first local min in matrix:
2018-11-01 20:24:29,813-main--INFO -root      :Element of array: [0]1
2018-11-01 20:24:29,813-main--INFO -root      :Element of array: [1]1
2018-11-01 20:24:29,813-main--INFO -root      :-----------------------------------------------
2018-11-01 20:24:29,813-main--INFO -root      :Is matrix symmetric on main diagonal:false
2018-11-01 20:24:29,813-main--INFO -root      :-----------------------------------------------
2018-11-01 20:24:29,813-main--INFO -root      :Is matrix symmetric on second diagonal:false
2018-11-01 20:24:29,813-main--INFO -root      :Element of array: [0][0]17.32341231
2018-11-01 20:24:29,813-main--INFO -root      :Element of array: [0][1]2.3123455600000007
2018-11-01 20:24:29,813-main--INFO -root      :Element of array: [0][2]5.412313560000001
2018-11-01 20:24:29,813-main--INFO -root      :Element of array: [1][0]-12.432232410000001
2018-11-01 20:24:29,813-main--INFO -root      :Element of array: [1][1]-14.56782234
2018-11-01 20:24:29,813-main--INFO -root      :Element of array: [1][2]12.56781123
2018-11-01 20:24:29,813-main--INFO -root      :Element of array: [2][0]13.123212339999998
2018-11-01 20:24:29,813-main--INFO -root      :Element of array: [2][1]22.21345567
2018-11-01 20:24:29,813-main--INFO -root      :Element of array: [2][2]-2.21342234
