2018-11-01 20:20:13,145-main--INFO -root      :Element of array: [0]-17.15837012470527
2018-11-01 20:20:13,145-main--INFO -root      :Element of array: [1]45.33609591817364
2018-11-01 20:20:13,145-main--INFO -root      :Element of array: [2]42.49842185070065
2018-11-01 20:20:13,145-main--INFO -root      :Element of array: [3]-131.20617568998603
2018-11-01 20:20:13,145-main--INFO -root      :Element of array: [4]-80.63601871814463
2018-11-01 20:20:13,160-main--INFO -root      :-----------------------------------------------
2018-11-01 20:20:13,160-main--INFO -root      :Max element from Array: 45.33609591817364
2018-11-01 20:20:13,160-main--INFO -root      :-----------------------------------------------
2018-11-01 20:20:13,160-main--INFO -root      :Min element from Array: -131.20617568998603
2018-11-01 20:20:13,160-main--INFO -root      :-----------------------------------------------
2018-11-01 20:20:13,160-main--INFO -root      :Average Arithmetic of Array: -28.233209352792322
2018-11-01 20:20:13,160-main--INFO -root      :-----------------------------------------------
2018-11-01 20:20:13,160-main--INFO -root      :Average Geometric of Array: NaN
2018-11-01 20:20:13,160-main--INFO -root      :-----------------------------------------------
2018-11-01 20:20:13,160-main--INFO -root      :Elements in desc order:  false
2018-11-01 20:20:13,176-main--INFO -root      :-----------------------------------------------
2018-11-01 20:20:13,176-main--INFO -root      :Elements in asc order:  false
2018-11-01 20:20:13,176-main--INFO -root      :-----------------------------------------------
2018-11-01 20:20:13,176-main--INFO -root      :First local min position in Array:  0
2018-11-01 20:20:13,176-main--INFO -root      :-----------------------------------------------
2018-11-01 20:20:13,176-main--INFO -root      :First local max position in Array:  1
2018-11-01 20:20:23,438-main--INFO -root      :-----------------------------------------------
2018-11-01 20:20:23,438-main--INFO -root      :Position of key element with linear search:  1
2018-11-01 20:20:23,438-main--INFO -root      :-----------------------------------------------
2018-11-01 20:20:23,438-main--INFO -root      :Position of key element with binary search:  4
2018-11-01 20:20:23,438-main--INFO -root      :-----------------------------------------------
2018-11-01 20:20:23,438-main--INFO -root      :Reverse elements of array:
2018-11-01 20:20:23,438-main--INFO -root      :Element of array: [0]45.33609591817364
2018-11-01 20:20:23,438-main--INFO -root      :Element of array: [1]42.49842185070065
2018-11-01 20:20:23,438-main--INFO -root      :Element of array: [2]-17.15837012470527
2018-11-01 20:20:23,438-main--INFO -root      :Element of array: [3]-80.63601871814463
2018-11-01 20:20:23,438-main--INFO -root      :Element of array: [4]-131.20617568998603
2018-11-01 20:20:23,438-main--INFO -root      :Element of array: [0]45.33609591817364
2018-11-01 20:20:23,438-main--INFO -root      :Element of array: [1]42.49842185070065
2018-11-01 20:20:23,438-main--INFO -root      :Element of array: [2]-17.15837012470527
2018-11-01 20:20:23,438-main--INFO -root      :Element of array: [3]-80.63601871814463
2018-11-01 20:20:23,438-main--INFO -root      :Element of array: [4]-131.20617568998603
2018-11-01 20:20:23,454-main--INFO -root      :Element of array: [0]12.3
2018-11-01 20:20:23,454-main--INFO -root      :Element of array: [1]14.5
2018-11-01 20:20:23,454-main--INFO -root      :Element of array: [2]5.2
2018-11-01 20:20:23,454-main--INFO -root      :Element of array: [3]23.0
2018-11-01 20:20:23,454-main--INFO -root      :Element of array: [4]11.1
2018-11-01 20:20:23,454-main--INFO -root      :Element of array: [5]8.0
2018-11-01 20:20:23,454-main--INFO -root      :Element of array: [6]7.2
2018-11-01 20:20:23,454-main--INFO -root      :Element of array: [7]77.0
2018-11-01 20:20:23,454-main--INFO -root      :Element of array: [8]1.0
2018-11-01 20:20:23,454-main--INFO -root      :Element of array: [9]1.0
2018-11-01 20:20:23,454-main--INFO -root      :-----------------------------------------------
2018-11-01 20:20:23,454-main--INFO -root      :Max element from Array: 77.0
2018-11-01 20:20:23,454-main--INFO -root      :-----------------------------------------------
2018-11-01 20:20:23,454-main--INFO -root      :Min element from Array: 1.0
2018-11-01 20:20:23,454-main--INFO -root      :-----------------------------------------------
2018-11-01 20:20:23,454-main--INFO -root      :Average Arithmetic of Array: 16.03
2018-11-01 20:20:23,454-main--INFO -root      :-----------------------------------------------
2018-11-01 20:20:23,454-main--INFO -root      :Average Geometric of Array: 7.982226520345128
2018-11-01 20:20:23,454-main--INFO -root      :-----------------------------------------------
2018-11-01 20:20:23,454-main--INFO -root      :Elements in desc order:  false
2018-11-01 20:20:23,454-main--INFO -root      :-----------------------------------------------
2018-11-01 20:20:23,454-main--INFO -root      :Elements in asc order:  false
2018-11-01 20:20:23,454-main--INFO -root      :-----------------------------------------------
2018-11-01 20:20:23,454-main--INFO -root      :First local min position in Array:  0
2018-11-01 20:20:23,454-main--INFO -root      :-----------------------------------------------
2018-11-01 20:20:23,454-main--INFO -root      :First local max position in Array:  1
2018-11-01 20:20:32,066-main--INFO -root      :-----------------------------------------------
2018-11-01 20:20:32,066-main--INFO -root      :Position of key element with linear search:  5
2018-11-01 20:20:32,066-main--INFO -root      :-----------------------------------------------
2018-11-01 20:20:32,066-main--INFO -root      :Position of key element with binary search:  0
2018-11-01 20:20:32,066-main--INFO -root      :-----------------------------------------------
2018-11-01 20:20:32,066-main--INFO -root      :Reverse elements of array:
2018-11-01 20:20:32,066-main--INFO -root      :Element of array: [0]77.0
2018-11-01 20:20:32,066-main--INFO -root      :Element of array: [1]23.0
2018-11-01 20:20:32,066-main--INFO -root      :Element of array: [2]14.5
2018-11-01 20:20:32,066-main--INFO -root      :Element of array: [3]12.3
2018-11-01 20:20:32,066-main--INFO -root      :Element of array: [4]11.1
2018-11-01 20:20:32,066-main--INFO -root      :Element of array: [5]8.000000000000002
2018-11-01 20:20:32,066-main--INFO -root      :Element of array: [6]7.199999999999999
2018-11-01 20:20:32,066-main--INFO -root      :Element of array: [7]5.199999999999999
2018-11-01 20:20:32,066-main--INFO -root      :Element of array: [8]1.0
2018-11-01 20:20:32,066-main--INFO -root      :Element of array: [9]1.0
2018-11-01 20:20:32,066-main--INFO -root      :Element of array: [0]1.0
2018-11-01 20:20:32,066-main--INFO -root      :Element of array: [1]1.0
2018-11-01 20:20:32,066-main--INFO -root      :Element of array: [2]5.199999999999999
2018-11-01 20:20:32,066-main--INFO -root      :Element of array: [3]7.199999999999999
2018-11-01 20:20:32,066-main--INFO -root      :Element of array: [4]8.000000000000002
2018-11-01 20:20:32,066-main--INFO -root      :Element of array: [5]11.1
2018-11-01 20:20:32,066-main--INFO -root      :Element of array: [6]12.3
2018-11-01 20:20:32,066-main--INFO -root      :Element of array: [7]14.5
2018-11-01 20:20:32,066-main--INFO -root      :Element of array: [8]23.0
2018-11-01 20:20:32,066-main--INFO -root      :Element of array: [9]77.0
2018-11-01 20:20:32,066-main--INFO -root      :Element of array: [0]17.3234
2018-11-01 20:20:32,066-main--INFO -root      :Element of array: [1]-12.4322
2018-11-01 20:20:32,066-main--INFO -root      :Element of array: [2]13.1232
2018-11-01 20:20:32,066-main--INFO -root      :Element of array: [3]2.3123
2018-11-01 20:20:32,066-main--INFO -root      :Element of array: [4]-14.5678
2018-11-01 20:20:32,066-main--INFO -root      :Element of array: [5]22.2134
2018-11-01 20:20:32,066-main--INFO -root      :-----------------------------------------------
2018-11-01 20:20:32,066-main--INFO -root      :Max element from Array: 22.2134
2018-11-01 20:20:32,066-main--INFO -root      :-----------------------------------------------
2018-11-01 20:20:32,066-main--INFO -root      :Min element from Array: -14.5678
2018-11-01 20:20:32,066-main--INFO -root      :-----------------------------------------------
2018-11-01 20:20:32,066-main--INFO -root      :Average Arithmetic of Array: 4.662050000000001
2018-11-01 20:20:32,066-main--INFO -root      :-----------------------------------------------
2018-11-01 20:20:32,066-main--INFO -root      :Average Geometric of Array: 11.329541710545788
2018-11-01 20:20:32,066-main--INFO -root      :-----------------------------------------------
2018-11-01 20:20:32,066-main--INFO -root      :Elements in desc order:  false
2018-11-01 20:20:32,066-main--INFO -root      :-----------------------------------------------
2018-11-01 20:20:32,066-main--INFO -root      :Elements in asc order:  false
2018-11-01 20:20:32,066-main--INFO -root      :-----------------------------------------------
2018-11-01 20:20:32,066-main--INFO -root      :First local min position in Array:  1
2018-11-01 20:20:32,066-main--INFO -root      :-----------------------------------------------
2018-11-01 20:20:32,066-main--INFO -root      :First local max position in Array:  0
2018-11-01 20:20:41,509-main--INFO -root      :-----------------------------------------------
2018-11-01 20:20:41,509-main--INFO -root      :Position of key element with linear search:  2
2018-11-01 20:20:41,509-main--INFO -root      :-----------------------------------------------
2018-11-01 20:20:41,509-main--INFO -root      :Position of key element with binary search:  3
2018-11-01 20:20:41,509-main--INFO -root      :-----------------------------------------------
2018-11-01 20:20:41,509-main--INFO -root      :Reverse elements of array:
2018-11-01 20:20:41,509-main--INFO -root      :Element of array: [0]22.2134
2018-11-01 20:20:41,509-main--INFO -root      :Element of array: [1]17.3234
2018-11-01 20:20:41,509-main--INFO -root      :Element of array: [2]13.1232
2018-11-01 20:20:41,509-main--INFO -root      :Element of array: [3]2.3123000000000005
2018-11-01 20:20:41,509-main--INFO -root      :Element of array: [4]-12.4322
2018-11-01 20:20:41,509-main--INFO -root      :Element of array: [5]-14.5678
2018-11-01 20:20:41,509-main--INFO -root      :Element of array: [0]-14.5678
2018-11-01 20:20:41,509-main--INFO -root      :Element of array: [1]-12.4322
2018-11-01 20:20:41,509-main--INFO -root      :Element of array: [2]2.3123000000000005
2018-11-01 20:20:41,509-main--INFO -root      :Element of array: [3]13.1232
2018-11-01 20:20:41,509-main--INFO -root      :Element of array: [4]17.3234
2018-11-01 20:20:41,509-main--INFO -root      :Element of array: [5]22.2134
2018-11-01 20:20:41,509-main--INFO -root      :Element of array: [0]-66.34662455467443
2018-11-01 20:20:41,509-main--INFO -root      :Element of array: [1]-15.761590375214894
2018-11-01 20:20:41,509-main--INFO -root      :Element of array: [2]-120.69760711952377
2018-11-01 20:20:41,509-main--INFO -root      :Element of array: [3]4.793358890681418
2018-11-01 20:20:41,509-main--INFO -root      :-----------------------------------------------
2018-11-01 20:20:41,509-main--INFO -root      :Max element from Array: 4.793358890681418
2018-11-01 20:20:41,509-main--INFO -root      :-----------------------------------------------
2018-11-01 20:20:41,509-main--INFO -root      :Min element from Array: -120.69760711952377
2018-11-01 20:20:41,509-main--INFO -root      :-----------------------------------------------
2018-11-01 20:20:41,509-main--INFO -root      :Average Arithmetic of Array: -49.50311578968292
2018-11-01 20:20:41,509-main--INFO -root      :-----------------------------------------------
2018-11-01 20:20:41,509-main--INFO -root      :Average Geometric of Array: NaN
2018-11-01 20:20:41,509-main--INFO -root      :-----------------------------------------------
2018-11-01 20:20:41,509-main--INFO -root      :Elements in desc order:  false
2018-11-01 20:20:41,509-main--INFO -root      :-----------------------------------------------
2018-11-01 20:20:41,509-main--INFO -root      :Elements in asc order:  false
2018-11-01 20:20:41,509-main--INFO -root      :-----------------------------------------------
2018-11-01 20:20:41,509-main--INFO -root      :First local min position in Array:  0
2018-11-01 20:20:41,509-main--INFO -root      :-----------------------------------------------
2018-11-01 20:20:41,509-main--INFO -root      :First local max position in Array:  1
2018-11-01 20:20:53,126-main--INFO -root      :-----------------------------------------------
2018-11-01 20:20:53,126-main--INFO -root      :Position of key element with linear search:  2
2018-11-01 20:20:53,126-main--INFO -root      :-----------------------------------------------
2018-11-01 20:20:53,126-main--INFO -root      :Position of key element with binary search:  0
2018-11-01 20:20:53,126-main--INFO -root      :-----------------------------------------------
2018-11-01 20:20:53,126-main--INFO -root      :Reverse elements of array:
2018-11-01 20:20:53,126-main--INFO -root      :Element of array: [0]4.793358890681418
2018-11-01 20:20:53,126-main--INFO -root      :Element of array: [1]-15.761590375214894
2018-11-01 20:20:53,126-main--INFO -root      :Element of array: [2]-66.34662455467443
2018-11-01 20:20:53,126-main--INFO -root      :Element of array: [3]-120.69760711952377
2018-11-01 20:20:53,126-main--INFO -root      :Element of array: [0]4.793358890681418
2018-11-01 20:20:53,126-main--INFO -root      :Element of array: [1]-15.761590375214894
2018-11-01 20:20:53,126-main--INFO -root      :Element of array: [2]-66.34662455467443
2018-11-01 20:20:53,126-main--INFO -root      :Element of array: [3]-120.69760711952377
2018-11-01 20:20:53,126-main--INFO -root      :Element of array: [0]-90.59737704256963
2018-11-01 20:20:53,126-main--INFO -root      :Element of array: [1]-124.34864100519451
2018-11-01 20:20:53,126-main--INFO -root      :Element of array: [2]-2.379159584460581
2018-11-01 20:20:53,126-main--INFO -root      :Element of array: [3]-132.76011410114717
2018-11-01 20:20:53,126-main--INFO -root      :Element of array: [4]3.206268989395454
2018-11-01 20:20:53,126-main--INFO -root      :Element of array: [5]66.20136547887526
2018-11-01 20:20:53,126-main--INFO -root      :-----------------------------------------------
2018-11-01 20:20:53,126-main--INFO -root      :Max element from Array: 66.20136547887526
2018-11-01 20:20:53,126-main--INFO -root      :-----------------------------------------------
2018-11-01 20:20:53,126-main--INFO -root      :Min element from Array: -132.76011410114717
2018-11-01 20:20:53,126-main--INFO -root      :-----------------------------------------------
2018-11-01 20:20:53,126-main--INFO -root      :Average Arithmetic of Array: -46.77960954418353
2018-11-01 20:20:53,126-main--INFO -root      :-----------------------------------------------
2018-11-01 20:20:53,126-main--INFO -root      :Average Geometric of Array: 30.17767613250297
2018-11-01 20:20:53,126-main--INFO -root      :-----------------------------------------------
2018-11-01 20:20:53,141-main--INFO -root      :Elements in desc order:  false
2018-11-01 20:20:53,141-main--INFO -root      :-----------------------------------------------
2018-11-01 20:20:53,141-main--INFO -root      :Elements in asc order:  false
2018-11-01 20:20:53,141-main--INFO -root      :-----------------------------------------------
2018-11-01 20:20:53,141-main--INFO -root      :First local min position in Array:  1
2018-11-01 20:20:53,141-main--INFO -root      :-----------------------------------------------
2018-11-01 20:20:53,141-main--INFO -root      :First local max position in Array:  0
2018-11-01 20:21:01,013-main--INFO -root      :-----------------------------------------------
2018-11-01 20:21:01,013-main--INFO -root      :Position of key element with linear search:  4
2018-11-01 20:21:01,013-main--INFO -root      :-----------------------------------------------
2018-11-01 20:21:01,013-main--INFO -root      :Position of key element with binary search:  0
2018-11-01 20:21:01,013-main--INFO -root      :-----------------------------------------------
2018-11-01 20:21:01,013-main--INFO -root      :Reverse elements of array:
2018-11-01 20:21:01,013-main--INFO -root      :Element of array: [0]66.20136547887526
2018-11-01 20:21:01,013-main--INFO -root      :Element of array: [1]3.206268989395454
2018-11-01 20:21:01,013-main--INFO -root      :Element of array: [2]-2.379159584460581
2018-11-01 20:21:01,013-main--INFO -root      :Element of array: [3]-90.59737704256963
2018-11-01 20:21:01,013-main--INFO -root      :Element of array: [4]-124.34864100519451
2018-11-01 20:21:01,013-main--INFO -root      :Element of array: [5]-132.76011410114717
2018-11-01 20:21:01,013-main--INFO -root      :Element of array: [0]-132.76011410114717
2018-11-01 20:21:01,013-main--INFO -root      :Element of array: [1]-124.34864100519451
2018-11-01 20:21:01,013-main--INFO -root      :Element of array: [2]-90.59737704256963
2018-11-01 20:21:01,013-main--INFO -root      :Element of array: [3]-2.379159584460581
2018-11-01 20:21:01,013-main--INFO -root      :Element of array: [4]3.206268989395454
2018-11-01 20:21:01,013-main--INFO -root      :Element of array: [5]66.20136547887526
2018-11-01 20:21:01,044-main--INFO -root      :Element of array: [0][0]-0.02302200411716626
2018-11-01 20:21:01,044-main--INFO -root      :Element of array: [0][1]99.491531839208
2018-11-01 20:21:01,044-main--INFO -root      :Element of array: [0][2]19.616285039750807
2018-11-01 20:21:01,044-main--INFO -root      :Element of array: [0][3]96.19663216866192
2018-11-01 20:21:01,044-main--INFO -root      :Element of array: [1][0]-134.56875872035675
2018-11-01 20:21:01,044-main--INFO -root      :Element of array: [1][1]-81.66447856727314
2018-11-01 20:21:01,044-main--INFO -root      :Element of array: [1][2]-124.52523164693564
2018-11-01 20:21:01,044-main--INFO -root      :Element of array: [1][3]-10.873752583686553
2018-11-01 20:21:01,044-main--INFO -root      :Element of array: [2][0]-124.12080863403828
2018-11-01 20:21:01,044-main--INFO -root      :Element of array: [2][1]-99.14619778936304
2018-11-01 20:21:01,044-main--INFO -root      :Element of array: [2][2]-134.04394356752843
2018-11-01 20:21:01,044-main--INFO -root      :Element of array: [2][3]-73.64260741967576
2018-11-01 20:21:01,044-main--INFO -root      :Element of array: [3][0]85.13583177056466
2018-11-01 20:21:01,044-main--INFO -root      :Element of array: [3][1]-88.08802606394096
2018-11-01 20:21:01,044-main--INFO -root      :Element of array: [3][2]-1.3926073097772473
2018-11-01 20:21:01,044-main--INFO -root      :Element of array: [3][3]133.31152127647584
2018-11-01 20:21:01,044-main--INFO -root      :Element of array: [4][0]-131.11648726911895
2018-11-01 20:21:01,044-main--INFO -root      :Element of array: [4][1]122.71055454521024
2018-11-01 20:21:01,044-main--INFO -root      :Element of array: [4][2]-98.86281440626587
2018-11-01 20:21:01,044-main--INFO -root      :Element of array: [4][3]-77.0639108541528
2018-11-01 20:21:01,044-main--INFO -root      :Element of array: [5][0]-49.619317363891255
2018-11-01 20:21:01,044-main--INFO -root      :Element of array: [5][1]30.86925777804217
2018-11-01 20:21:01,044-main--INFO -root      :Element of array: [5][2]102.43740701579117
2018-11-01 20:21:01,044-main--INFO -root      :Element of array: [5][3]-73.37421003971339
2018-11-01 20:21:01,060-main--INFO -root      :-----------------------------------------------
2018-11-01 20:21:01,060-main--INFO -root      :Max element in matrix:133.31152127647584
2018-11-01 20:21:01,060-main--INFO -root      :-----------------------------------------------
2018-11-01 20:21:01,060-main--INFO -root      :Min element in matrix-134.56875872035675
2018-11-01 20:21:01,060-main--INFO -root      :-----------------------------------------------
2018-11-01 20:21:01,060-main--INFO -root      :Average arithmetic of matrix:-25.514881366922108
2018-11-01 20:21:01,060-main--INFO -root      :-----------------------------------------------
2018-11-01 20:21:01,060-main--INFO -root      :Average geometric of matrix:47.25227332356005
2018-11-01 20:21:01,060-main--INFO -root      :-----------------------------------------------
2018-11-01 20:21:01,060-main--INFO -root      :Find first local max in matrix:
2018-11-01 20:21:01,060-main--INFO -root      :Element of array: [0]0
2018-11-01 20:21:01,060-main--INFO -root      :Element of array: [1]1
2018-11-01 20:21:01,060-main--INFO -root      :-----------------------------------------------
2018-11-01 20:21:01,060-main--INFO -root      :Find first local min in matrix:
2018-11-01 20:21:01,060-main--INFO -root      :Element of array: [0]2
2018-11-01 20:21:01,060-main--INFO -root      :Element of array: [1]2
2018-11-01 20:21:01,060-main--INFO -root      :-----------------------------------------------
2018-11-01 20:21:01,060-main--INFO -root      :Matrix must be quadratic!
2018-11-01 20:21:01,060-main--INFO -root      :-----------------------------------------------
2018-11-01 20:21:01,060-main--INFO -root      :Is matrix symmetric on main diagonal:false
2018-11-01 20:21:01,060-main--INFO -root      :-----------------------------------------------
2018-11-01 20:21:01,060-main--INFO -root      :Matrix must be quadratic!
2018-11-01 20:21:01,060-main--INFO -root      :-----------------------------------------------
2018-11-01 20:21:01,060-main--INFO -root      :Is matrix symmetric on second diagonal:false
2018-11-01 20:21:01,060-main--INFO -root      :-----------------------------------------------
2018-11-01 20:21:01,060-main--INFO -root      :Matrix must be quadratic!
2018-11-01 20:21:01,060-main--INFO -root      :Element of array: [0][0]-0.02302200411716626
2018-11-01 20:21:01,060-main--INFO -root      :Element of array: [0][1]99.491531839208
2018-11-01 20:21:01,060-main--INFO -root      :Element of array: [0][2]19.616285039750807
2018-11-01 20:21:01,060-main--INFO -root      :Element of array: [0][3]96.19663216866192
2018-11-01 20:21:01,060-main--INFO -root      :Element of array: [1][0]-134.56875872035675
2018-11-01 20:21:01,060-main--INFO -root      :Element of array: [1][1]-81.66447856727314
2018-11-01 20:21:01,060-main--INFO -root      :Element of array: [1][2]-124.52523164693564
2018-11-01 20:21:01,060-main--INFO -root      :Element of array: [1][3]-10.873752583686553
2018-11-01 20:21:01,060-main--INFO -root      :Element of array: [2][0]-124.12080863403828
2018-11-01 20:21:01,060-main--INFO -root      :Element of array: [2][1]-99.14619778936304
2018-11-01 20:21:01,060-main--INFO -root      :Element of array: [2][2]-134.04394356752843
2018-11-01 20:21:01,060-main--INFO -root      :Element of array: [2][3]-73.64260741967576
2018-11-01 20:21:01,060-main--INFO -root      :Element of array: [3][0]85.13583177056466
2018-11-01 20:21:01,060-main--INFO -root      :Element of array: [3][1]-88.08802606394096
2018-11-01 20:21:01,060-main--INFO -root      :Element of array: [3][2]-1.3926073097772473
2018-11-01 20:21:01,060-main--INFO -root      :Element of array: [3][3]133.31152127647584
2018-11-01 20:21:01,060-main--INFO -root      :Element of array: [4][0]-131.11648726911895
2018-11-01 20:21:01,060-main--INFO -root      :Element of array: [4][1]122.71055454521024
2018-11-01 20:21:01,060-main--INFO -root      :Element of array: [4][2]-98.86281440626587
2018-11-01 20:21:01,060-main--INFO -root      :Element of array: [4][3]-77.0639108541528
2018-11-01 20:21:01,060-main--INFO -root      :Element of array: [5][0]-49.619317363891255
2018-11-01 20:21:01,060-main--INFO -root      :Element of array: [5][1]30.86925777804217
2018-11-01 20:21:01,060-main--INFO -root      :Element of array: [5][2]102.43740701579117
2018-11-01 20:21:01,060-main--INFO -root      :Element of array: [5][3]-73.37421003971339
2018-11-01 20:21:01,076-main--INFO -root      :Element of array: [0][0]1.12016108
2018-11-01 20:21:01,076-main--INFO -root      :Element of array: [0][1]2.14374867
2018-11-01 20:21:01,076-main--INFO -root      :Element of array: [0][2]3.120398053
2018-11-01 20:21:01,076-main--INFO -root      :Element of array: [1][0]2.176888764
2018-11-01 20:21:01,076-main--INFO -root      :Element of array: [1][1]12.158429895
2018-11-01 20:21:01,076-main--INFO -root      :Element of array: [1][2]7.107828305
2018-11-01 20:21:01,076-main--INFO -root      :Element of array: [2][0]3.187221216
2018-11-01 20:21:01,076-main--INFO -root      :Element of array: [2][1]7.117173502
2018-11-01 20:21:01,076-main--INFO -root      :Element of array: [2][2]1.104517237
2018-11-01 20:21:01,076-main--INFO -root      :-----------------------------------------------
2018-11-01 20:21:01,076-main--INFO -root      :Max element in matrix:12.158429895
2018-11-01 20:21:01,076-main--INFO -root      :-----------------------------------------------
2018-11-01 20:21:01,076-main--INFO -root      :Min element in matrix1.104517237
2018-11-01 20:21:01,076-main--INFO -root      :-----------------------------------------------
2018-11-01 20:21:01,076-main--INFO -root      :Average arithmetic of matrix:4.359596302444445
2018-11-01 20:21:01,076-main--INFO -root      :-----------------------------------------------
2018-11-01 20:21:01,076-main--INFO -root      :Average geometric of matrix:3.2013572454048975
2018-11-01 20:21:01,076-main--INFO -root      :-----------------------------------------------
2018-11-01 20:21:01,076-main--INFO -root      :Find first local max in matrix:
2018-11-01 20:21:01,076-main--INFO -root      :Element of array: [0]1
2018-11-01 20:21:01,076-main--INFO -root      :Element of array: [1]1
2018-11-01 20:21:01,076-main--INFO -root      :-----------------------------------------------
2018-11-01 20:21:01,076-main--INFO -root      :Find first local min in matrix:
2018-11-01 20:21:01,076-main--INFO -root      :Element of array: [0]0
2018-11-01 20:21:01,076-main--INFO -root      :Element of array: [1]0
2018-11-01 20:21:01,076-main--INFO -root      :-----------------------------------------------
2018-11-01 20:21:01,076-main--INFO -root      :Is matrix symmetric on main diagonal:false
2018-11-01 20:21:01,076-main--INFO -root      :-----------------------------------------------
2018-11-01 20:21:01,076-main--INFO -root      :Is matrix symmetric on second diagonal:false
2018-11-01 20:21:01,076-main--INFO -root      :Element of array: [0][0]1.12016108
2018-11-01 20:21:01,076-main--INFO -root      :Element of array: [0][1]2.176888764
2018-11-01 20:21:01,076-main--INFO -root      :Element of array: [0][2]3.187221216
2018-11-01 20:21:01,076-main--INFO -root      :Element of array: [1][0]2.14374867
2018-11-01 20:21:01,076-main--INFO -root      :Element of array: [1][1]12.158429895
2018-11-01 20:21:01,076-main--INFO -root      :Element of array: [1][2]7.117173502
2018-11-01 20:21:01,076-main--INFO -root      :Element of array: [2][0]3.1203980529999997
2018-11-01 20:21:01,076-main--INFO -root      :Element of array: [2][1]7.107828305
2018-11-01 20:21:01,076-main--INFO -root      :Element of array: [2][2]1.104517237
2018-11-01 20:21:01,076-main--INFO -root      :Element of array: [0][0]17.32341231
2018-11-01 20:21:01,076-main--INFO -root      :Element of array: [0][1]-12.43223241
2018-11-01 20:21:01,076-main--INFO -root      :Element of array: [0][2]13.12321234
2018-11-01 20:21:01,076-main--INFO -root      :Element of array: [1][0]2.31234556
2018-11-01 20:21:01,076-main--INFO -root      :Element of array: [1][1]-14.56782234
2018-11-01 20:21:01,076-main--INFO -root      :Element of array: [1][2]22.21345567
2018-11-01 20:21:01,076-main--INFO -root      :Element of array: [2][0]5.41231356
2018-11-01 20:21:01,076-main--INFO -root      :Element of array: [2][1]12.56781123
2018-11-01 20:21:01,076-main--INFO -root      :Element of array: [2][2]-2.21342234
2018-11-01 20:21:01,076-main--INFO -root      :-----------------------------------------------
2018-11-01 20:21:01,076-main--INFO -root      :Max element in matrix:22.21345567
2018-11-01 20:21:01,076-main--INFO -root      :-----------------------------------------------
2018-11-01 20:21:01,076-main--INFO -root      :Min element in matrix-14.56782234
2018-11-01 20:21:01,076-main--INFO -root      :-----------------------------------------------
2018-11-01 20:21:01,076-main--INFO -root      :Average arithmetic of matrix:4.859897064444445
2018-11-01 20:21:01,076-main--INFO -root      :-----------------------------------------------
2018-11-01 20:21:01,076-main--INFO -root      :Average geometric of matrix:NaN
2018-11-01 20:21:01,076-main--INFO -root      :-----------------------------------------------
2018-11-01 20:21:01,076-main--INFO -root      :Find first local max in matrix:
2018-11-01 20:21:01,076-main--INFO -root      :Element of array: [0]0
2018-11-01 20:21:01,076-main--INFO -root      :Element of array: [1]0
2018-11-01 20:21:01,076-main--INFO -root      :-----------------------------------------------
2018-11-01 20:21:01,076-main--INFO -root      :Find first local min in matrix:
2018-11-01 20:21:01,076-main--INFO -root      :Element of array: [0]1
2018-11-01 20:21:01,076-main--INFO -root      :Element of array: [1]1
2018-11-01 20:21:01,076-main--INFO -root      :-----------------------------------------------
2018-11-01 20:21:01,076-main--INFO -root      :Is matrix symmetric on main diagonal:false
2018-11-01 20:21:01,076-main--INFO -root      :-----------------------------------------------
2018-11-01 20:21:01,076-main--INFO -root      :Is matrix symmetric on second diagonal:false
2018-11-01 20:21:01,076-main--INFO -root      :Element of array: [0][0]17.32341231
2018-11-01 20:21:01,076-main--INFO -root      :Element of array: [0][1]2.3123455600000007
2018-11-01 20:21:01,076-main--INFO -root      :Element of array: [0][2]5.412313560000001
2018-11-01 20:21:01,076-main--INFO -root      :Element of array: [1][0]-12.432232410000001
2018-11-01 20:21:01,076-main--INFO -root      :Element of array: [1][1]-14.56782234
2018-11-01 20:21:01,076-main--INFO -root      :Element of array: [1][2]12.56781123
2018-11-01 20:21:01,091-main--INFO -root      :Element of array: [2][0]13.123212339999998
2018-11-01 20:21:01,091-main--INFO -root      :Element of array: [2][1]22.21345567
2018-11-01 20:21:01,091-main--INFO -root      :Element of array: [2][2]-2.21342234
