2018-11-18 12:13:02,865-main--INFO -root      :Max value:136.101
2018-11-18 12:13:02,865-main--INFO -root      :Min value:-104.083
2018-11-18 12:13:02,865-main--INFO -root      :Average arithmetic:-4.6968000000000005
2018-11-18 12:13:02,865-main--INFO -root      :Average geometric:41.10577473454174
2018-11-18 12:13:02,865-main--INFO -root      :[-34.631 65.476 -3.607 17.258 55.641 -104.083 -61.218 -97.073 -20.832 136.101 ]
2018-11-18 12:13:02,865-main--INFO -root      :[-104.083 -97.073 -61.218 -34.631 -20.832 -3.607 17.258 55.641 65.476 136.101 ]
2018-11-18 12:13:07,818-main--INFO -root      :Max value:133.448
2018-11-18 12:13:07,818-main--INFO -root      :Min value:-132.755
2018-11-18 12:13:07,818-main--INFO -root      :Average arithmetic:21.991500000000002
2018-11-18 12:13:07,818-main--INFO -root      :Average geometric:56.21200518840397
2018-11-18 12:13:07,818-main--INFO -root      :[133.448 43.446 -132.755 119.615 -66.216 13.765 61.816 -26.431 -23.702 96.929 ]
2018-11-18 12:13:07,818-main--INFO -root      :[-132.755 -66.216 -26.431 -23.702 13.765 43.446 61.816 96.929 119.615 133.448 ]
2018-11-18 12:13:13,936-main--INFO -root      :Max value:116.074
2018-11-18 12:13:13,936-main--INFO -root      :Min value:-140.488
2018-11-18 12:13:13,936-main--INFO -root      :Average arithmetic:27.678500000000003
2018-11-18 12:13:13,936-main--INFO -root      :Average geometric:NaN
2018-11-18 12:13:13,936-main--INFO -root      :[18.061 95.174 116.074 94.278 26.121 -140.488 -34.137 33.803 -39.779 107.678 ]
2018-11-18 12:13:13,951-main--INFO -root      :[-140.488 -39.779 -34.137 18.061 26.121 33.803 94.278 95.174 107.678 116.074 ]
2018-11-18 12:16:56,599-main--INFO -root      :Max value:139.412
2018-11-18 12:16:56,599-main--INFO -root      :Min value:-87.004
2018-11-18 12:16:56,599-main--INFO -root      :Average arithmetic:51.28029999999999
2018-11-18 12:16:56,599-main--INFO -root      :Average geometric:58.15361283968022
2018-11-18 12:16:56,614-main--INFO -root      :[67.632 -24.729 31.368 137.033 -87.004 12.542 139.412 44.382 85.194 106.973 ]
2018-11-18 12:16:56,614-main--INFO -root      :[-87.004 -24.729 12.542 31.368 44.382 67.632 85.194 106.973 137.033 139.412 ]
2018-11-18 12:46:29,799-main--INFO -root      :Max value:117.825
2018-11-18 12:46:29,799-main--INFO -root      :Min value:-139.331
2018-11-18 12:46:29,799-main--INFO -root      :Average arithmetic:-33.031099999999995
2018-11-18 12:46:29,799-main--INFO -root      :Average geometric:65.544876912387
2018-11-18 12:46:29,799-main--INFO -root      :[117.825 -132.807 -82.714 -139.331 5.628 -43.348 -91.235 79.535 -93.102 49.238 ]
2018-11-18 12:46:29,799-main--INFO -root      :[-139.331 -132.807 -93.102 -91.235 -82.714 -43.348 5.628 49.238 79.535 117.825 ]
2018-11-18 12:47:30,486-main--INFO -root      :Max value:102.069
2018-11-18 12:47:30,486-main--INFO -root      :Min value:-135.323
2018-11-18 12:47:30,486-main--INFO -root      :Average arithmetic:17.444200000000002
2018-11-18 12:47:30,486-main--INFO -root      :Average geometric:NaN
2018-11-18 12:47:30,486-main--INFO -root      :[-135.323 -107.553 63.575 -119.871 57.123 59.319 59.401 102.069 100.405 95.297 ]
2018-11-18 12:47:30,486-main--INFO -root      :[-135.323 -119.871 -107.553 57.123 59.319 59.401 63.575 95.297 100.405 102.069 ]
2018-11-18 12:49:03,582-main--INFO -root      :Max value:144.495
2018-11-18 12:49:03,597-main--INFO -root      :Min value:-134.983
2018-11-18 12:49:03,597-main--INFO -root      :Average arithmetic:-0.10649999999999978
2018-11-18 12:49:03,597-main--INFO -root      :Average geometric:NaN
2018-11-18 12:49:03,597-main--INFO -root      :[66.882 144.495 -27.965 -68.265 49.658 -37.449 -134.983 -113.103 87.584 32.081 ]
2018-11-18 12:49:03,597-main--INFO -root      :[-134.983 -113.103 -68.265 -37.449 -27.965 32.081 49.658 66.882 87.584 144.495 ]
2018-11-18 22:58:04,234-main--INFO -root      :Max value:143.86
2018-11-18 22:58:04,234-main--INFO -root      :Min value:-145.886
2018-11-18 22:58:04,234-main--INFO -root      :Average arithmetic:27.5499
2018-11-18 22:58:04,234-main--INFO -root      :Average geometric:NaN
2018-11-18 22:58:04,234-main--INFO -root      :[113.524 6.064 64.832 5.305 143.86 -114.25 132.133 -36.274 106.191 -145.886 ]
2018-11-18 22:58:04,250-main--INFO -root      :[-145.886 -114.25 -36.274 5.305 6.064 64.832 106.191 113.524 132.133 143.86 ]
2018-11-18 22:58:17,003-main--INFO -root      :Max value:120.977
2018-11-18 22:58:17,003-main--INFO -root      :Min value:-67.414
2018-11-18 22:58:17,003-main--INFO -root      :Average arithmetic:36.79860000000001
2018-11-18 22:58:17,003-main--INFO -root      :Average geometric:41.188672187770685
2018-11-18 22:58:17,003-main--INFO -root      :[-8.998 84.9 43.791 106.029 -67.414 120.977 -58.436 52.91 -1.639 95.866 ]
2018-11-18 22:58:17,003-main--INFO -root      :[-67.414 -58.436 -8.998 -1.639 43.791 52.91 84.9 95.866 106.029 120.977 ]
2018-11-18 23:06:55,746-main--INFO -root      :Max value:100.546
2018-11-18 23:06:55,748-main--INFO -root      :Min value:-144.409
2018-11-18 23:06:55,750-main--INFO -root      :Average arithmetic:-66.3592
2018-11-18 23:06:55,751-main--INFO -root      :Average geometric:88.77944997314529
2018-11-18 23:06:55,751-main--INFO -root      :[-81.069 82.067 -13.774 -131.495 -70.938 -144.409 -134.827 100.546 -137.454 -132.239 ]
2018-11-18 23:06:55,752-main--INFO -root      :[-144.409 -137.454 -134.827 -132.239 -131.495 -81.069 -70.938 -13.774 82.067 100.546 ]
2018-11-18 23:07:06,795-main--INFO -root      :Max value:133.925
2018-11-18 23:07:06,798-main--INFO -root      :Min value:-84.457
2018-11-18 23:07:06,799-main--INFO -root      :Average arithmetic:16.174800000000005
2018-11-18 23:07:06,800-main--INFO -root      :Average geometric:NaN
2018-11-18 23:07:06,801-main--INFO -root      :[-72.408 -49.29 -11.097 36.904 -37.957 127.035 -84.457 89.76 29.333 133.925 ]
2018-11-18 23:07:06,802-main--INFO -root      :[-84.457 -72.408 -49.29 -37.957 -11.097 29.333 36.904 89.76 127.035 133.925 ]
